# JRE version: Java(TM) SE Runtime Environment (7.0_79-b15) (build 1.7.0_79-b15)
# Java VM: Java HotSpot(TM) 64-Bit Server VM (24.79-b02 mixed mode bsd-amd64 compressed oops)
Heap
 PSYoungGen      total 137216K, used 76757K [0x00000007d5500000, 0x00000007e6880000, 0x0000000800000000)
  eden space 124416K, 51% used [0x00000007d5500000,0x00000007d93cd648,0x00000007dce80000)
  from space 12800K, 97% used [0x00000007e5900000,0x00000007e6528000,0x00000007e6580000)
  to   space 3072K, 0% used [0x00000007e6580000,0x00000007e6580000,0x00000007e6880000)
 ParOldGen       total 87040K, used 18103K [0x0000000780000000, 0x0000000785500000, 0x00000007d5500000)
  object space 87040K, 20% used [0x0000000780000000,0x00000007811ade88,0x0000000785500000)
 PSPermGen       total 28672K, used 28316K [0x000000077ae00000, 0x000000077ca00000, 0x0000000780000000)
  object space 28672K, 98% used [0x000000077ae00000,0x000000077c9a7140,0x000000077ca00000)
GC Heap History (10 events):
Event: 264.971 GC heap before
{Heap before GC invocations=5 (full 0):
 PSYoungGen      total 72704K, used 72682K [0x00000007d5500000, 0x00000007da100000, 0x0000000800000000)
  eden space 67584K, 100% used [0x00000007d5500000,0x00000007d9700000,0x00000007d9700000)
  from space 5120K, 99% used [0x00000007d9c00000,0x00000007da0fa968,0x00000007da100000)
  to   space 5120K, 0% used [0x00000007d9700000,0x00000007d9700000,0x00000007d9c00000)
 ParOldGen       total 87040K, used 8833K [0x0000000780000000, 0x0000000785500000, 0x00000007d5500000)
  object space 87040K, 10% used [0x0000000780000000,0x00000007808a0570,0x0000000785500000)
 PSPermGen       total 23040K, used 22965K [0x000000077ae00000, 0x000000077c480000, 0x0000000780000000)
  object space 23040K, 99% used [0x000000077ae00000,0x000000077c46d530,0x000000077c480000)
Event: 265.003 GC heap after
Heap after GC invocations=5 (full 0):
 PSYoungGen      total 72704K, used 5107K [0x00000007d5500000, 0x00000007dee00000, 0x0000000800000000)
  eden space 67584K, 0% used [0x00000007d5500000,0x00000007d5500000,0x00000007d9700000)
  from space 5120K, 99% used [0x00000007d9700000,0x00000007d9bfccd0,0x00000007d9c00000)
  to   space 10752K, 0% used [0x00000007de380000,0x00000007de380000,0x00000007dee00000)
 ParOldGen       total 87040K, used 12846K [0x0000000780000000, 0x0000000785500000, 0x00000007d5500000)
  object space 87040K, 14% used [0x0000000780000000,0x0000000780c8b8e8,0x0000000785500000)
 PSPermGen       total 23040K, used 22965K [0x000000077ae00000, 0x000000077c480000, 0x0000000780000000)
  object space 23040K, 99% used [0x000000077ae00000,0x000000077c46d530,0x000000077c480000)
}
Event: 266.272 GC heap before
{Heap before GC invocations=6 (full 0):
 PSYoungGen      total 72704K, used 72691K [0x00000007d5500000, 0x00000007dee00000, 0x0000000800000000)
  eden space 67584K, 100% used [0x00000007d5500000,0x00000007d9700000,0x00000007d9700000)
  from space 5120K, 99% used [0x00000007d9700000,0x00000007d9bfccd0,0x00000007d9c00000)
  to   space 10752K, 0% used [0x00000007de380000,0x00000007de380000,0x00000007dee00000)
 ParOldGen       total 87040K, used 12846K [0x0000000780000000, 0x0000000785500000, 0x00000007d5500000)
  object space 87040K, 14% used [0x0000000780000000,0x0000000780c8b8e8,0x0000000785500000)
 PSPermGen       total 27648K, used 27535K [0x000000077ae00000, 0x000000077c900000, 0x0000000780000000)
  object space 27648K, 99% used [0x000000077ae00000,0x000000077c8e3fd8,0x000000077c900000)
Event: 266.300 GC heap after
Heap after GC invocations=6 (full 0):
 PSYoungGen      total 145408K, used 9968K [0x00000007d5500000, 0x00000007def00000, 0x0000000800000000)
  eden space 134656K, 0% used [0x00000007d5500000,0x00000007d5500000,0x00000007dd880000)
  from space 10752K, 92% used [0x00000007de380000,0x00000007ded3c048,0x00000007dee00000)
  to   space 11264K, 0% used [0x00000007dd880000,0x00000007dd880000,0x00000007de380000)
 ParOldGen       total 87040K, used 12854K [0x0000000780000000, 0x0000000785500000, 0x00000007d5500000)
  object space 87040K, 14% used [0x0000000780000000,0x0000000780c8d8e8,0x0000000785500000)
 PSPermGen       total 27648K, used 27535K [0x000000077ae00000, 0x000000077c900000, 0x0000000780000000)
  object space 27648K, 99% used [0x000000077ae00000,0x000000077c8e3fd8,0x000000077c900000)
}
Event: 76116.900 GC heap before
{Heap before GC invocations=7 (full 0):
 PSYoungGen      total 145408K, used 144624K [0x00000007d5500000, 0x00000007def00000, 0x0000000800000000)
  eden space 134656K, 100% used [0x00000007d5500000,0x00000007dd880000,0x00000007dd880000)
  from space 10752K, 92% used [0x00000007de380000,0x00000007ded3c048,0x00000007dee00000)
  to   space 11264K, 0% used [0x00000007dd880000,0x00000007dd880000,0x00000007de380000)
 ParOldGen       total 87040K, used 12854K [0x0000000780000000, 0x0000000785500000, 0x00000007d5500000)
  object space 87040K, 14% used [0x0000000780000000,0x0000000780c8d8e8,0x0000000785500000)
 PSPermGen       total 28672K, used 28301K [0x000000077ae00000, 0x000000077ca00000, 0x0000000780000000)
  object space 28672K, 98% used [0x000000077ae00000,0x000000077c9a3760,0x000000077ca00000)
Event: 76117.021 GC heap after
Heap after GC invocations=7 (full 0):
 PSYoungGen      total 145920K, used 10656K [0x00000007d5500000, 0x00000007e7400000, 0x0000000800000000)
  eden space 134656K, 0% used [0x00000007d5500000,0x00000007d5500000,0x00000007dd880000)
  from space 11264K, 94% used [0x00000007dd880000,0x00000007de2e8010,0x00000007de380000)
  to   space 12288K, 0% used [0x00000007e6800000,0x00000007e6800000,0x00000007e7400000)
 ParOldGen       total 87040K, used 15779K [0x0000000780000000, 0x0000000785500000, 0x00000007d5500000)
  object space 87040K, 18% used [0x0000000780000000,0x0000000780f68f80,0x0000000785500000)
 PSPermGen       total 28672K, used 28301K [0x000000077ae00000, 0x000000077ca00000, 0x0000000780000000)
  object space 28672K, 98% used [0x000000077ae00000,0x000000077c9a3760,0x000000077ca00000)
}
Event: 116022.582 GC heap before
{Heap before GC invocations=8 (full 0):
 PSYoungGen      total 145920K, used 145312K [0x00000007d5500000, 0x00000007e7400000, 0x0000000800000000)
  eden space 134656K, 100% used [0x00000007d5500000,0x00000007dd880000,0x00000007dd880000)
  from space 11264K, 94% used [0x00000007dd880000,0x00000007de2e8010,0x00000007de380000)
  to   space 12288K, 0% used [0x00000007e6800000,0x00000007e6800000,0x00000007e7400000)
 ParOldGen       total 87040K, used 15779K [0x0000000780000000, 0x0000000785500000, 0x00000007d5500000)
  object space 87040K, 18% used [0x0000000780000000,0x0000000780f68f80,0x0000000785500000)
 PSPermGen       total 28672K, used 28314K [0x000000077ae00000, 0x000000077ca00000, 0x0000000780000000)
  object space 28672K, 98% used [0x000000077ae00000,0x000000077c9a6a78,0x000000077ca00000)
Event: 116022.665 GC heap after
Heap after GC invocations=8 (full 0):
 PSYoungGen      total 140800K, used 11136K [0x00000007d5500000, 0x00000007e7300000, 0x0000000800000000)
  eden space 129536K, 0% used [0x00000007d5500000,0x00000007d5500000,0x00000007dd380000)
  from space 11264K, 98% used [0x00000007e6800000,0x00000007e72e0000,0x00000007e7300000)
  to   space 13312K, 0% used [0x00000007e5900000,0x00000007e5900000,0x00000007e6600000)
 ParOldGen       total 87040K, used 17403K [0x0000000780000000, 0x0000000785500000, 0x00000007d5500000)
  object space 87040K, 19% used [0x0000000780000000,0x00000007810fefa0,0x0000000785500000)
 PSPermGen       total 28672K, used 28314K [0x000000077ae00000, 0x000000077ca00000, 0x0000000780000000)
  object space 28672K, 98% used [0x000000077ae00000,0x000000077c9a6a78,0x000000077ca00000)
}
Event: 155614.336 GC heap before
{Heap before GC invocations=9 (full 0):
 PSYoungGen      total 140800K, used 140672K [0x00000007d5500000, 0x00000007e7300000, 0x0000000800000000)
  eden space 129536K, 100% used [0x00000007d5500000,0x00000007dd380000,0x00000007dd380000)
  from space 11264K, 98% used [0x00000007e6800000,0x00000007e72e0000,0x00000007e7300000)
  to   space 13312K, 0% used [0x00000007e5900000,0x00000007e5900000,0x00000007e6600000)
 ParOldGen       total 87040K, used 17403K [0x0000000780000000, 0x0000000785500000, 0x00000007d5500000)
  object space 87040K, 19% used [0x0000000780000000,0x00000007810fefa0,0x0000000785500000)
 PSPermGen       total 28672K, used 28316K [0x000000077ae00000, 0x000000077ca00000, 0x0000000780000000)
  object space 28672K, 98% used [0x000000077ae00000,0x000000077c9a7140,0x000000077ca00000)
Event: 155614.542 GC heap after
Heap after GC invocations=9 (full 0):
 PSYoungGen      total 137216K, used 12448K [0x00000007d5500000, 0x00000007e6880000, 0x0000000800000000)
  eden space 124416K, 0% used [0x00000007d5500000,0x00000007d5500000,0x00000007dce80000)
  from space 12800K, 97% used [0x00000007e5900000,0x00000007e6528000,0x00000007e6580000)
  to   space 3072K, 0% used [0x00000007e6580000,0x00000007e6580000,0x00000007e6880000)
 ParOldGen       total 87040K, used 18103K [0x0000000780000000, 0x0000000785500000, 0x00000007d5500000)
  object space 87040K, 20% used [0x0000000780000000,0x00000007811ade88,0x0000000785500000)
 PSPermGen       total 28672K, used 28316K [0x000000077ae00000, 0x000000077ca00000, 0x0000000780000000)
  object space 28672K, 98% used [0x000000077ae00000,0x000000077c9a7140,0x000000077ca00000)
}

